Using pre-set license
Built from '2020.3/release' branch; Version is '2020.3.7f1 (dd97f2c94397) revision 14522354'; Using compiler version '192528614'; Build Type 'Release'
OS: 'Windows 10 Pro; OS build 19045.5854; Version 2009; 64bit' Language: 'de' Physical Memory: 16309 MB
BatchMode: 1, IsHumanControllingUs: 0, StartBugReporterOnCrash: 0, Is64bit: 1, IsPro: 0

 COMMAND LINE ARGUMENTS:
C:\Program Files\Unity\Hub\Editor\2020.3.7f1\Editor\Unity.exe
-adb2
-batchMode
-noUpm
-name
AssetImportWorker0
-projectPath
C:/Users/domin/OneDrive/Desktop/Neuer Ordner/unity/SDC Fighter/SDCFIGHT
-logFile
Logs/AssetImportWorker0.log
-srvPort
56235
Successfully changed project path to: C:/Users/domin/OneDrive/Desktop/Neuer Ordner/unity/SDC Fighter/SDCFIGHT
C:/Users/domin/OneDrive/Desktop/Neuer Ordner/unity/SDC Fighter/SDCFIGHT
Using Asset Import Pipeline V2.
Refreshing native plugins compatible for Editor in 32.56 ms, found 1 plugins.
Preloading 0 native plugins for Editor in 0.00 ms.
Initialize engine version: 2020.3.7f1 (dd97f2c94397)
[Subsystems] Discovering subsystems at path C:/Program Files/Unity/Hub/Editor/2020.3.7f1/Editor/Data/Resources/UnitySubsystems
[Subsystems] Discovering subsystems at path C:/Users/domin/OneDrive/Desktop/Neuer Ordner/unity/SDC Fighter/SDCFIGHT/Assets
GfxDevice: creating device client; threaded=0
Direct3D:
    Version:  Direct3D 11.0 [level 11.1]
    Renderer: NVIDIA GeForce RTX 2060 (ID=0x1f08)
    Vendor:   
    VRAM:     5954 MB
    Driver:   32.0.15.7283
Initialize mono
Mono path[0] = 'C:/Program Files/Unity/Hub/Editor/2020.3.7f1/Editor/Data/Managed'
Mono path[1] = 'C:/Program Files/Unity/Hub/Editor/2020.3.7f1/Editor/Data/MonoBleedingEdge/lib/mono/unityjit'
Mono config path = 'C:/Program Files/Unity/Hub/Editor/2020.3.7f1/Editor/Data/MonoBleedingEdge/etc'
Using monoOptions --debugger-agent=transport=dt_socket,embedding=1,server=y,suspend=n,address=127.0.0.1:56664
Begin MonoManager ReloadAssembly
Registering precompiled unity dll's ...
Register platform support module: C:/Program Files/Unity/Hub/Editor/2020.3.7f1/Editor/Data/PlaybackEngines/WindowsStandaloneSupport/UnityEditor.WindowsStandalone.Extensions.dll
Registered in 0.002264 seconds.
Native extension for WindowsStandalone target not found
Refreshing native plugins compatible for Editor in 33.05 ms, found 1 plugins.
Preloading 0 native plugins for Editor in 0.00 ms.
Mono: successfully reloaded assembly
- Completed reload, in  1.090 seconds
Platform modules already initialized, skipping
Registering precompiled user dll's ...
Registered in 0.000934 seconds.
Begin MonoManager ReloadAssembly
Native extension for WindowsStandalone target not found
Refreshing native plugins compatible for Editor in 0.35 ms, found 1 plugins.
Preloading 0 native plugins for Editor in 0.00 ms.
Mono: successfully reloaded assembly
- Completed reload, in  0.765 seconds
Platform modules already initialized, skipping
========================================================================
Worker process is ready to serve import requests
Launched and connected shader compiler UnityShaderCompiler.exe after 0.04 seconds
Refreshing native plugins compatible for Editor in 0.65 ms, found 1 plugins.
Preloading 0 native plugins for Editor in 0.00 ms.
Unloading 1771 Unused Serialized files (Serialized files now loaded: 0)
System memory in use before: 105.8 MB.
System memory in use after: 105.8 MB.

Unloading 19 unused Assets to reduce memory usage. Loaded Objects now: 2238.
Total: 3.025300 ms (FindLiveObjects: 0.731400 ms CreateObjectMapping: 0.063900 ms MarkObjects: 2.086200 ms  DeleteObjects: 0.141900 ms)

========================================================================
Received Import Request.
  path: Assets/mainmenu.png
  artifactKey: Guid(5ab5c4af4416f1242a396569d6409f96) Importer(815301076,1909f56bfc062723c751e8b465ee728b)
Start importing Assets/mainmenu.png using Guid(5ab5c4af4416f1242a396569d6409f96) Importer(815301076,1909f56bfc062723c751e8b465ee728b)  -> (artifact id: '0b75d8b41062c9afc0b9347c087e7de5') in 0.098636 seconds
  Import took 0.101958 seconds .

========================================================================
Received Import Request.
  Time since last request: 2.840985 seconds.
  path: Assets/mainmenu 1.png
  artifactKey: Guid(03f90dcc1dca6174bad09d4218754886) Importer(815301076,1909f56bfc062723c751e8b465ee728b)
Start importing Assets/mainmenu 1.png using Guid(03f90dcc1dca6174bad09d4218754886) Importer(815301076,1909f56bfc062723c751e8b465ee728b)  -> (artifact id: '3c2e9ad8ff11e24560c53210b652c390') in 0.016126 seconds
  Import took 0.019175 seconds .

========================================================================
Received Prepare
Registering precompiled user dll's ...
Registered in 0.001018 seconds.
Begin MonoManager ReloadAssembly
Native extension for WindowsStandalone target not found
Refreshing native plugins compatible for Editor in 0.37 ms, found 1 plugins.
Preloading 0 native plugins for Editor in 0.00 ms.
Mono: successfully reloaded assembly
- Completed reload, in  0.717 seconds
Platform modules already initialized, skipping
Refreshing native plugins compatible for Editor in 0.36 ms, found 1 plugins.
Preloading 0 native plugins for Editor in 0.00 ms.
Unloading 1750 Unused Serialized files (Serialized files now loaded: 0)
System memory in use before: 107.2 MB.
System memory in use after: 107.3 MB.

Unloading 10 unused Assets to reduce memory usage. Loaded Objects now: 2247.
Total: 2.518400 ms (FindLiveObjects: 0.311300 ms CreateObjectMapping: 0.052900 ms MarkObjects: 2.035900 ms  DeleteObjects: 0.116600 ms)

========================================================================
Received Prepare
Refreshing native plugins compatible for Editor in 2.16 ms, found 1 plugins.
Preloading 0 native plugins for Editor in 0.00 ms.
Unloading 8 Unused Serialized files (Serialized files now loaded: 0)
System memory in use before: 72.8 MB.
System memory in use after: 72.8 MB.

Unloading 8 unused Assets to reduce memory usage. Loaded Objects now: 2247.
Total: 3.650800 ms (FindLiveObjects: 0.524400 ms CreateObjectMapping: 0.058600 ms MarkObjects: 2.925200 ms  DeleteObjects: 0.141200 ms)

========================================================================
Received Prepare
Registering precompiled user dll's ...
Registered in 0.001102 seconds.
Begin MonoManager ReloadAssembly
Native extension for WindowsStandalone target not found
Refreshing native plugins compatible for Editor in 0.65 ms, found 1 plugins.
Preloading 0 native plugins for Editor in 0.00 ms.
Mono: successfully reloaded assembly
- Completed reload, in  1.507 seconds
Platform modules already initialized, skipping
Refreshing native plugins compatible for Editor in 0.44 ms, found 1 plugins.
Preloading 0 native plugins for Editor in 0.00 ms.
Unloading 1750 Unused Serialized files (Serialized files now loaded: 0)
System memory in use before: 107.3 MB.
System memory in use after: 107.3 MB.

Unloading 10 unused Assets to reduce memory usage. Loaded Objects now: 2250.
Total: 2.684800 ms (FindLiveObjects: 0.400600 ms CreateObjectMapping: 0.052800 ms MarkObjects: 2.084800 ms  DeleteObjects: 0.145500 ms)

========================================================================
Received Prepare
Refreshing native plugins compatible for Editor in 2.18 ms, found 1 plugins.
Preloading 0 native plugins for Editor in 0.00 ms.
Unloading 8 Unused Serialized files (Serialized files now loaded: 0)
System memory in use before: 72.8 MB.
System memory in use after: 72.8 MB.

Unloading 8 unused Assets to reduce memory usage. Loaded Objects now: 2250.
Total: 2.097900 ms (FindLiveObjects: 0.286600 ms CreateObjectMapping: 0.042900 ms MarkObjects: 1.646400 ms  DeleteObjects: 0.120600 ms)

========================================================================
Received Prepare
Registering precompiled user dll's ...
Registered in 0.001203 seconds.
Begin MonoManager ReloadAssembly
Native extension for WindowsStandalone target not found
Refreshing native plugins compatible for Editor in 33.59 ms, found 1 plugins.
Preloading 0 native plugins for Editor in 0.00 ms.
Mono: successfully reloaded assembly
- Completed reload, in  1.367 seconds
Platform modules already initialized, skipping
Refreshing native plugins compatible for Editor in 0.58 ms, found 1 plugins.
Preloading 0 native plugins for Editor in 0.00 ms.
Unloading 1750 Unused Serialized files (Serialized files now loaded: 0)
System memory in use before: 107.3 MB.
System memory in use after: 107.3 MB.

Unloading 10 unused Assets to reduce memory usage. Loaded Objects now: 2253.
Total: 2.323700 ms (FindLiveObjects: 0.251500 ms CreateObjectMapping: 0.052400 ms MarkObjects: 1.871200 ms  DeleteObjects: 0.147000 ms)

========================================================================
Received Prepare
Refreshing native plugins compatible for Editor in 2.89 ms, found 1 plugins.
Preloading 0 native plugins for Editor in 0.00 ms.
Unloading 8 Unused Serialized files (Serialized files now loaded: 0)
System memory in use before: 72.8 MB.
System memory in use after: 72.9 MB.

Unloading 8 unused Assets to reduce memory usage. Loaded Objects now: 2253.
Total: 5.038700 ms (FindLiveObjects: 0.726100 ms CreateObjectMapping: 0.066600 ms MarkObjects: 4.080600 ms  DeleteObjects: 0.162300 ms)

========================================================================
Received Prepare
Registering precompiled user dll's ...
Registered in 0.001088 seconds.
Begin MonoManager ReloadAssembly
Native extension for WindowsStandalone target not found
Refreshing native plugins compatible for Editor in 0.64 ms, found 1 plugins.
Preloading 0 native plugins for Editor in 0.00 ms.
Mono: successfully reloaded assembly
- Completed reload, in  1.395 seconds
Platform modules already initialized, skipping
Refreshing native plugins compatible for Editor in 0.64 ms, found 1 plugins.
Preloading 0 native plugins for Editor in 0.00 ms.
Unloading 1750 Unused Serialized files (Serialized files now loaded: 0)
System memory in use before: 107.3 MB.
System memory in use after: 107.4 MB.

Unloading 10 unused Assets to reduce memory usage. Loaded Objects now: 2256.
Total: 2.897300 ms (FindLiveObjects: 0.327900 ms CreateObjectMapping: 0.058500 ms MarkObjects: 2.364100 ms  DeleteObjects: 0.145200 ms)

========================================================================
Received Prepare
Refreshing native plugins compatible for Editor in 2.29 ms, found 1 plugins.
Preloading 0 native plugins for Editor in 0.00 ms.
Unloading 8 Unused Serialized files (Serialized files now loaded: 0)
System memory in use before: 72.9 MB.
System memory in use after: 72.9 MB.

Unloading 8 unused Assets to reduce memory usage. Loaded Objects now: 2256.
Total: 3.696700 ms (FindLiveObjects: 0.644600 ms CreateObjectMapping: 0.063000 ms MarkObjects: 2.806200 ms  DeleteObjects: 0.180800 ms)

========================================================================
Received Prepare
Refreshing native plugins compatible for Editor in 2.85 ms, found 1 plugins.
Preloading 0 native plugins for Editor in 0.00 ms.
Unloading 8 Unused Serialized files (Serialized files now loaded: 0)
System memory in use before: 72.9 MB.
System memory in use after: 72.9 MB.

Unloading 8 unused Assets to reduce memory usage. Loaded Objects now: 2256.
Total: 2.971200 ms (FindLiveObjects: 0.338700 ms CreateObjectMapping: 0.057800 ms MarkObjects: 2.411900 ms  DeleteObjects: 0.161100 ms)

========================================================================
Received Prepare
Refreshing native plugins compatible for Editor in 2.77 ms, found 1 plugins.
Preloading 0 native plugins for Editor in 0.00 ms.
Unloading 8 Unused Serialized files (Serialized files now loaded: 0)
System memory in use before: 72.9 MB.
System memory in use after: 72.9 MB.

Unloading 8 unused Assets to reduce memory usage. Loaded Objects now: 2256.
Total: 2.996600 ms (FindLiveObjects: 0.372600 ms CreateObjectMapping: 0.043700 ms MarkObjects: 2.416400 ms  DeleteObjects: 0.162100 ms)

========================================================================
Received Prepare
Refreshing native plugins compatible for Editor in 2.81 ms, found 1 plugins.
Preloading 0 native plugins for Editor in 0.00 ms.
Unloading 8 Unused Serialized files (Serialized files now loaded: 0)
System memory in use before: 72.9 MB.
System memory in use after: 72.9 MB.

Unloading 8 unused Assets to reduce memory usage. Loaded Objects now: 2256.
Total: 3.202800 ms (FindLiveObjects: 0.597100 ms CreateObjectMapping: 0.112900 ms MarkObjects: 2.365700 ms  DeleteObjects: 0.125100 ms)

========================================================================
Received Prepare
Registering precompiled user dll's ...
Registered in 0.001011 seconds.
Begin MonoManager ReloadAssembly
Native extension for WindowsStandalone target not found
Refreshing native plugins compatible for Editor in 0.35 ms, found 1 plugins.
Preloading 0 native plugins for Editor in 0.00 ms.
Mono: successfully reloaded assembly
- Completed reload, in  0.698 seconds
Platform modules already initialized, skipping
Refreshing native plugins compatible for Editor in 0.60 ms, found 1 plugins.
Preloading 0 native plugins for Editor in 0.00 ms.
Unloading 1750 Unused Serialized files (Serialized files now loaded: 0)
System memory in use before: 107.4 MB.
System memory in use after: 107.4 MB.

Unloading 10 unused Assets to reduce memory usage. Loaded Objects now: 2259.
Total: 2.708300 ms (FindLiveObjects: 0.368100 ms CreateObjectMapping: 0.056100 ms MarkObjects: 2.145700 ms  DeleteObjects: 0.137500 ms)

========================================================================
Received Prepare
Registering precompiled user dll's ...
Registered in 0.001080 seconds.
Begin MonoManager ReloadAssembly
Native extension for WindowsStandalone target not found
Refreshing native plugins compatible for Editor in 0.34 ms, found 1 plugins.
Preloading 0 native plugins for Editor in 0.00 ms.
Mono: successfully reloaded assembly
- Completed reload, in  0.696 seconds
Platform modules already initialized, skipping
Refreshing native plugins compatible for Editor in 0.59 ms, found 1 plugins.
Preloading 0 native plugins for Editor in 0.00 ms.
Unloading 1750 Unused Serialized files (Serialized files now loaded: 0)
System memory in use before: 107.4 MB.
System memory in use after: 107.4 MB.

Unloading 10 unused Assets to reduce memory usage. Loaded Objects now: 2262.
Total: 2.230900 ms (FindLiveObjects: 0.269900 ms CreateObjectMapping: 0.051000 ms MarkObjects: 1.793000 ms  DeleteObjects: 0.115800 ms)

========================================================================
Received Import Request.
  Time since last request: 652.311036 seconds.
  path: Assets/PressStart2P-Regular.ttf
  artifactKey: Guid(b702b2acecb5b694a9aaf1db3d660168) Importer(815301076,1909f56bfc062723c751e8b465ee728b)
Start importing Assets/PressStart2P-Regular.ttf using Guid(b702b2acecb5b694a9aaf1db3d660168) Importer(815301076,1909f56bfc062723c751e8b465ee728b)  -> (artifact id: '81a41e7526d3f4f07b564639d69a3b83') in 0.104344 seconds
  Import took 0.107873 seconds .

========================================================================
Received Import Request.
  Time since last request: 99.606542 seconds.
  path: Assets/TextMesh Pro/Resources/Fonts & Materials/LiberationSans SDF - Fallback.asset
  artifactKey: Guid(2e498d1c8094910479dc3e1b768306a4) Importer(815301076,1909f56bfc062723c751e8b465ee728b)
Start importing Assets/TextMesh Pro/Resources/Fonts & Materials/LiberationSans SDF - Fallback.asset using Guid(2e498d1c8094910479dc3e1b768306a4) Importer(815301076,1909f56bfc062723c751e8b465ee728b)  -> (artifact id: 'e80c5b379c92cdeb10a66a83f60f7575') in 0.116242 seconds
  Import took 0.119268 seconds .

========================================================================
Received Import Request.
  Time since last request: 0.000195 seconds.
  path: Assets/TextMesh Pro/Resources/Fonts & Materials/LiberationSans SDF.asset
  artifactKey: Guid(8f586378b4e144a9851e7b34d9b748ee) Importer(815301076,1909f56bfc062723c751e8b465ee728b)
Start importing Assets/TextMesh Pro/Resources/Fonts & Materials/LiberationSans SDF.asset using Guid(8f586378b4e144a9851e7b34d9b748ee) Importer(815301076,1909f56bfc062723c751e8b465ee728b)  -> (artifact id: '5a593ed1161eba4188311689f679030c') in 0.034228 seconds
  Import took 0.036660 seconds .

========================================================================
Received Import Request.
  Time since last request: 0.000194 seconds.
  path: Assets/TextMesh Pro/Resources/Fonts & Materials/LiberationSans SDF - Fallback.asset
  artifactKey: Guid(2e498d1c8094910479dc3e1b768306a4) Importer(815301076,1909f56bfc062723c751e8b465ee728b)
Start importing Assets/TextMesh Pro/Resources/Fonts & Materials/LiberationSans SDF - Fallback.asset using Guid(2e498d1c8094910479dc3e1b768306a4) Importer(815301076,1909f56bfc062723c751e8b465ee728b)  -> (artifact id: 'e80c5b379c92cdeb10a66a83f60f7575') in 0.008873 seconds
  Import took 0.011593 seconds .

========================================================================
Received Import Request.
  Time since last request: 144.187577 seconds.
  path: Assets/Scripts/loadingscreen.cs
  artifactKey: Guid(58ffd9c9903d6c44d821d7e0cfcd8d1b) Importer(815301076,1909f56bfc062723c751e8b465ee728b)
Start importing Assets/Scripts/loadingscreen.cs using Guid(58ffd9c9903d6c44d821d7e0cfcd8d1b) Importer(815301076,1909f56bfc062723c751e8b465ee728b)  -> (artifact id: 'ad22accc0b07c78515b441dab79f4756') in 0.019910 seconds
  Import took 0.022518 seconds .

========================================================================
Received Import Request.
  Time since last request: 58.340078 seconds.
  path: Assets/Scripts/loadingscreen.cs
  artifactKey: Guid(58ffd9c9903d6c44d821d7e0cfcd8d1b) Importer(815301076,1909f56bfc062723c751e8b465ee728b)
Start importing Assets/Scripts/loadingscreen.cs using Guid(58ffd9c9903d6c44d821d7e0cfcd8d1b) Importer(815301076,1909f56bfc062723c751e8b465ee728b)  -> (artifact id: 'da252bb2067313874123cc8b6ce4e360') in 0.002298 seconds
  Import took 0.005066 seconds .

========================================================================
Received Prepare
Registering precompiled user dll's ...
Registered in 0.001437 seconds.
Begin MonoManager ReloadAssembly
Native extension for WindowsStandalone target not found
Refreshing native plugins compatible for Editor in 0.35 ms, found 1 plugins.
Preloading 0 native plugins for Editor in 0.00 ms.
Mono: successfully reloaded assembly
- Completed reload, in  0.719 seconds
Platform modules already initialized, skipping
Refreshing native plugins compatible for Editor in 0.56 ms, found 1 plugins.
Preloading 0 native plugins for Editor in 0.00 ms.
Unloading 1750 Unused Serialized files (Serialized files now loaded: 0)
System memory in use before: 107.7 MB.
System memory in use after: 107.8 MB.

Unloading 10 unused Assets to reduce memory usage. Loaded Objects now: 2307.
Total: 1.850100 ms (FindLiveObjects: 0.234900 ms CreateObjectMapping: 0.042300 ms MarkObjects: 1.477000 ms  DeleteObjects: 0.095000 ms)

========================================================================
Received Prepare
Registering precompiled user dll's ...
Registered in 0.001417 seconds.
Begin MonoManager ReloadAssembly
Native extension for WindowsStandalone target not found
Refreshing native plugins compatible for Editor in 0.64 ms, found 1 plugins.
Preloading 0 native plugins for Editor in 0.00 ms.
Mono: successfully reloaded assembly
- Completed reload, in  1.518 seconds
Platform modules already initialized, skipping
Refreshing native plugins compatible for Editor in 0.59 ms, found 1 plugins.
Preloading 0 native plugins for Editor in 0.00 ms.
Unloading 1750 Unused Serialized files (Serialized files now loaded: 0)
System memory in use before: 107.8 MB.
System memory in use after: 107.8 MB.

Unloading 10 unused Assets to reduce memory usage. Loaded Objects now: 2310.
Total: 2.372300 ms (FindLiveObjects: 0.389000 ms CreateObjectMapping: 0.056300 ms MarkObjects: 1.785100 ms  DeleteObjects: 0.138700 ms)

========================================================================
Received Prepare
Refreshing native plugins compatible for Editor in 2.17 ms, found 1 plugins.
Preloading 0 native plugins for Editor in 0.00 ms.
Unloading 8 Unused Serialized files (Serialized files now loaded: 0)
System memory in use before: 73.3 MB.
System memory in use after: 73.4 MB.

Unloading 8 unused Assets to reduce memory usage. Loaded Objects now: 2310.
Total: 2.754900 ms (FindLiveObjects: 0.362900 ms CreateObjectMapping: 0.060900 ms MarkObjects: 2.197700 ms  DeleteObjects: 0.132200 ms)

========================================================================
Received Prepare
Registering precompiled user dll's ...
Registered in 0.000959 seconds.
Begin MonoManager ReloadAssembly
Native extension for WindowsStandalone target not found
Refreshing native plugins compatible for Editor in 0.39 ms, found 1 plugins.
Preloading 0 native plugins for Editor in 0.00 ms.
Mono: successfully reloaded assembly
- Completed reload, in  0.758 seconds
Platform modules already initialized, skipping
Refreshing native plugins compatible for Editor in 0.69 ms, found 1 plugins.
Preloading 0 native plugins for Editor in 0.00 ms.
Unloading 1750 Unused Serialized files (Serialized files now loaded: 0)
System memory in use before: 107.8 MB.
System memory in use after: 107.8 MB.

Unloading 10 unused Assets to reduce memory usage. Loaded Objects now: 2313.
Total: 2.102400 ms (FindLiveObjects: 0.326100 ms CreateObjectMapping: 0.048800 ms MarkObjects: 1.611100 ms  DeleteObjects: 0.115200 ms)

========================================================================
Received Prepare
Refreshing native plugins compatible for Editor in 3.11 ms, found 1 plugins.
Preloading 0 native plugins for Editor in 0.00 ms.
Unloading 8 Unused Serialized files (Serialized files now loaded: 0)
System memory in use before: 73.4 MB.
System memory in use after: 73.4 MB.

Unloading 8 unused Assets to reduce memory usage. Loaded Objects now: 2313.
Total: 2.830500 ms (FindLiveObjects: 0.434700 ms CreateObjectMapping: 0.053400 ms MarkObjects: 2.189100 ms  DeleteObjects: 0.151200 ms)

========================================================================
Received Prepare
Registering precompiled user dll's ...
Registered in 0.001074 seconds.
Begin MonoManager ReloadAssembly
Native extension for WindowsStandalone target not found
Refreshing native plugins compatible for Editor in 0.34 ms, found 1 plugins.
Preloading 0 native plugins for Editor in 0.00 ms.
Mono: successfully reloaded assembly
- Completed reload, in  0.741 seconds
Platform modules already initialized, skipping
Refreshing native plugins compatible for Editor in 0.37 ms, found 1 plugins.
Preloading 0 native plugins for Editor in 0.00 ms.
Unloading 1751 Unused Serialized files (Serialized files now loaded: 0)
System memory in use before: 107.8 MB.
System memory in use after: 107.9 MB.

Unloading 10 unused Assets to reduce memory usage. Loaded Objects now: 2317.
Total: 2.350700 ms (FindLiveObjects: 0.327700 ms CreateObjectMapping: 0.065200 ms MarkObjects: 1.837900 ms  DeleteObjects: 0.118800 ms)

========================================================================
Received Prepare
Registering precompiled user dll's ...
Registered in 0.000972 seconds.
Begin MonoManager ReloadAssembly
Native extension for WindowsStandalone target not found
Refreshing native plugins compatible for Editor in 0.35 ms, found 1 plugins.
Preloading 0 native plugins for Editor in 0.00 ms.
Mono: successfully reloaded assembly
- Completed reload, in  0.701 seconds
Platform modules already initialized, skipping
Refreshing native plugins compatible for Editor in 0.55 ms, found 1 plugins.
Preloading 0 native plugins for Editor in 0.00 ms.
Unloading 1751 Unused Serialized files (Serialized files now loaded: 0)
System memory in use before: 107.8 MB.
System memory in use after: 107.9 MB.

Unloading 10 unused Assets to reduce memory usage. Loaded Objects now: 2320.
Total: 2.531400 ms (FindLiveObjects: 0.371300 ms CreateObjectMapping: 0.047300 ms MarkObjects: 1.966200 ms  DeleteObjects: 0.145200 ms)

========================================================================
Received Prepare
Registering precompiled user dll's ...
Registered in 0.000993 seconds.
Begin MonoManager ReloadAssembly
Native extension for WindowsStandalone target not found
Refreshing native plugins compatible for Editor in 0.38 ms, found 1 plugins.
Preloading 0 native plugins for Editor in 0.00 ms.
Mono: successfully reloaded assembly
- Completed reload, in  0.772 seconds
Platform modules already initialized, skipping
Refreshing native plugins compatible for Editor in 0.68 ms, found 1 plugins.
Preloading 0 native plugins for Editor in 0.00 ms.
Unloading 1751 Unused Serialized files (Serialized files now loaded: 0)
System memory in use before: 107.9 MB.
System memory in use after: 107.9 MB.

Unloading 10 unused Assets to reduce memory usage. Loaded Objects now: 2323.
Total: 2.341800 ms (FindLiveObjects: 0.352500 ms CreateObjectMapping: 0.060300 ms MarkObjects: 1.795600 ms  DeleteObjects: 0.131000 ms)

========================================================================
Received Import Request.
  Time since last request: 389.055142 seconds.
  path: Assets/Scripts/newGame.cs
  artifactKey: Guid(f806d26ecfb3a084b921a9a4fb66878d) Importer(815301076,1909f56bfc062723c751e8b465ee728b)
Start importing Assets/Scripts/newGame.cs using Guid(f806d26ecfb3a084b921a9a4fb66878d) Importer(815301076,1909f56bfc062723c751e8b465ee728b)  -> (artifact id: 'a0d712c90cf673a1c61438b3765f6274') in 0.011799 seconds
  Import took 0.015317 seconds .

========================================================================
Received Prepare
Registering precompiled user dll's ...
Registered in 0.001023 seconds.
Begin MonoManager ReloadAssembly
Native extension for WindowsStandalone target not found
Refreshing native plugins compatible for Editor in 0.35 ms, found 1 plugins.
Preloading 0 native plugins for Editor in 0.00 ms.
Mono: successfully reloaded assembly
- Completed reload, in  0.744 seconds
Platform modules already initialized, skipping
Refreshing native plugins compatible for Editor in 0.63 ms, found 1 plugins.
Preloading 0 native plugins for Editor in 0.00 ms.
Unloading 1751 Unused Serialized files (Serialized files now loaded: 0)
System memory in use before: 107.9 MB.
System memory in use after: 107.9 MB.

Unloading 10 unused Assets to reduce memory usage. Loaded Objects now: 2326.
Total: 2.060400 ms (FindLiveObjects: 0.312000 ms CreateObjectMapping: 0.047900 ms MarkObjects: 1.590000 ms  DeleteObjects: 0.109300 ms)

========================================================================
Received Prepare
Registering precompiled user dll's ...
Registered in 0.001008 seconds.
Begin MonoManager ReloadAssembly
Native extension for WindowsStandalone target not found
Refreshing native plugins compatible for Editor in 0.36 ms, found 1 plugins.
Preloading 0 native plugins for Editor in 0.00 ms.
Mono: successfully reloaded assembly
- Completed reload, in  0.749 seconds
Platform modules already initialized, skipping
Refreshing native plugins compatible for Editor in 0.57 ms, found 1 plugins.
Preloading 0 native plugins for Editor in 0.00 ms.
Unloading 1751 Unused Serialized files (Serialized files now loaded: 0)
System memory in use before: 107.9 MB.
System memory in use after: 107.9 MB.

Unloading 10 unused Assets to reduce memory usage. Loaded Objects now: 2329.
Total: 2.792400 ms (FindLiveObjects: 0.342600 ms CreateObjectMapping: 0.062300 ms MarkObjects: 2.243900 ms  DeleteObjects: 0.142500 ms)

========================================================================
Received Prepare
Registering precompiled user dll's ...
Registered in 0.001133 seconds.
Begin MonoManager ReloadAssembly
Native extension for WindowsStandalone target not found
Refreshing native plugins compatible for Editor in 0.35 ms, found 1 plugins.
Preloading 0 native plugins for Editor in 0.00 ms.
Mono: successfully reloaded assembly
- Completed reload, in  0.770 seconds
Platform modules already initialized, skipping
Refreshing native plugins compatible for Editor in 0.74 ms, found 1 plugins.
Preloading 0 native plugins for Editor in 0.00 ms.
Unloading 1751 Unused Serialized files (Serialized files now loaded: 0)
System memory in use before: 107.9 MB.
System memory in use after: 107.9 MB.

Unloading 10 unused Assets to reduce memory usage. Loaded Objects now: 2332.
Total: 5.942900 ms (FindLiveObjects: 0.824600 ms CreateObjectMapping: 0.073500 ms MarkObjects: 4.885000 ms  DeleteObjects: 0.157800 ms)

========================================================================
Received Prepare
Refreshing native plugins compatible for Editor in 2.17 ms, found 1 plugins.
Preloading 0 native plugins for Editor in 0.00 ms.
Unloading 8 Unused Serialized files (Serialized files now loaded: 0)
System memory in use before: 73.4 MB.
System memory in use after: 73.4 MB.

Unloading 8 unused Assets to reduce memory usage. Loaded Objects now: 2332.
Total: 2.860600 ms (FindLiveObjects: 0.379800 ms CreateObjectMapping: 0.054700 ms MarkObjects: 2.262800 ms  DeleteObjects: 0.161400 ms)

========================================================================
Received Prepare
Registering precompiled user dll's ...
Registered in 0.001035 seconds.
Begin MonoManager ReloadAssembly
Native extension for WindowsStandalone target not found
Refreshing native plugins compatible for Editor in 0.69 ms, found 1 plugins.
Preloading 0 native plugins for Editor in 0.00 ms.
Mono: successfully reloaded assembly
- Completed reload, in  1.376 seconds
Platform modules already initialized, skipping
Refreshing native plugins compatible for Editor in 0.56 ms, found 1 plugins.
Preloading 0 native plugins for Editor in 0.00 ms.
Unloading 1751 Unused Serialized files (Serialized files now loaded: 0)
System memory in use before: 107.9 MB.
System memory in use after: 107.9 MB.

Unloading 10 unused Assets to reduce memory usage. Loaded Objects now: 2335.
Total: 2.248600 ms (FindLiveObjects: 0.384800 ms CreateObjectMapping: 0.068400 ms MarkObjects: 1.680100 ms  DeleteObjects: 0.114300 ms)

========================================================================
Received Prepare
Refreshing native plugins compatible for Editor in 2.67 ms, found 1 plugins.
Preloading 0 native plugins for Editor in 0.00 ms.
Unloading 8 Unused Serialized files (Serialized files now loaded: 0)
System memory in use before: 73.4 MB.
System memory in use after: 73.4 MB.

Unloading 8 unused Assets to reduce memory usage. Loaded Objects now: 2335.
Total: 2.839200 ms (FindLiveObjects: 0.399800 ms CreateObjectMapping: 0.061400 ms MarkObjects: 2.230500 ms  DeleteObjects: 0.145700 ms)

========================================================================
Received Prepare
Registering precompiled user dll's ...
Registered in 0.001009 seconds.
Begin MonoManager ReloadAssembly
Native extension for WindowsStandalone target not found
Refreshing native plugins compatible for Editor in 0.40 ms, found 1 plugins.
Preloading 0 native plugins for Editor in 0.00 ms.
Mono: successfully reloaded assembly
- Completed reload, in  0.696 seconds
Platform modules already initialized, skipping
Refreshing native plugins compatible for Editor in 0.57 ms, found 1 plugins.
Preloading 0 native plugins for Editor in 0.00 ms.
Unloading 1751 Unused Serialized files (Serialized files now loaded: 0)
System memory in use before: 107.9 MB.
System memory in use after: 107.9 MB.

Unloading 10 unused Assets to reduce memory usage. Loaded Objects now: 2338.
Total: 2.559300 ms (FindLiveObjects: 0.414300 ms CreateObjectMapping: 0.045700 ms MarkObjects: 1.987900 ms  DeleteObjects: 0.110000 ms)

========================================================================
Received Prepare
Registering precompiled user dll's ...
Registered in 0.000953 seconds.
Begin MonoManager ReloadAssembly
Native extension for WindowsStandalone target not found
Refreshing native plugins compatible for Editor in 0.37 ms, found 1 plugins.
Preloading 0 native plugins for Editor in 0.00 ms.
Mono: successfully reloaded assembly
- Completed reload, in  0.712 seconds
Platform modules already initialized, skipping
Refreshing native plugins compatible for Editor in 0.67 ms, found 1 plugins.
Preloading 0 native plugins for Editor in 0.00 ms.
Unloading 1751 Unused Serialized files (Serialized files now loaded: 0)
System memory in use before: 107.9 MB.
System memory in use after: 107.9 MB.

Unloading 10 unused Assets to reduce memory usage. Loaded Objects now: 2341.
Total: 2.750400 ms (FindLiveObjects: 0.433900 ms CreateObjectMapping: 0.062600 ms MarkObjects: 2.115700 ms  DeleteObjects: 0.136600 ms)

========================================================================
Received Prepare
Refreshing native plugins compatible for Editor in 2.88 ms, found 1 plugins.
Preloading 0 native plugins for Editor in 0.00 ms.
Unloading 8 Unused Serialized files (Serialized files now loaded: 0)
System memory in use before: 73.4 MB.
System memory in use after: 73.4 MB.

Unloading 8 unused Assets to reduce memory usage. Loaded Objects now: 2341.
Total: 2.593500 ms (FindLiveObjects: 0.280700 ms CreateObjectMapping: 0.042400 ms MarkObjects: 2.157200 ms  DeleteObjects: 0.111300 ms)

========================================================================
Received Prepare
Registering precompiled user dll's ...
Registered in 0.001105 seconds.
Begin MonoManager ReloadAssembly
Native extension for WindowsStandalone target not found
Refreshing native plugins compatible for Editor in 0.37 ms, found 1 plugins.
Preloading 0 native plugins for Editor in 0.00 ms.
Mono: successfully reloaded assembly
- Completed reload, in  1.470 seconds
Platform modules already initialized, skipping
Refreshing native plugins compatible for Editor in 0.73 ms, found 1 plugins.
Preloading 0 native plugins for Editor in 0.00 ms.
Unloading 1751 Unused Serialized files (Serialized files now loaded: 0)
System memory in use before: 107.9 MB.
System memory in use after: 107.9 MB.

Unloading 10 unused Assets to reduce memory usage. Loaded Objects now: 2344.
Total: 3.052400 ms (FindLiveObjects: 0.313100 ms CreateObjectMapping: 0.057700 ms MarkObjects: 2.513300 ms  DeleteObjects: 0.166600 ms)

========================================================================
Received Prepare
Refreshing native plugins compatible for Editor in 2.06 ms, found 1 plugins.
Preloading 0 native plugins for Editor in 0.00 ms.
Unloading 8 Unused Serialized files (Serialized files now loaded: 0)
System memory in use before: 73.4 MB.
System memory in use after: 73.5 MB.

Unloading 8 unused Assets to reduce memory usage. Loaded Objects now: 2344.
Total: 2.450400 ms (FindLiveObjects: 0.330700 ms CreateObjectMapping: 0.055000 ms MarkObjects: 1.946500 ms  DeleteObjects: 0.116900 ms)

========================================================================
Received Prepare
Registering precompiled user dll's ...
Registered in 0.001105 seconds.
Begin MonoManager ReloadAssembly
Native extension for WindowsStandalone target not found
Refreshing native plugins compatible for Editor in 0.34 ms, found 1 plugins.
Preloading 0 native plugins for Editor in 0.00 ms.
Mono: successfully reloaded assembly
- Completed reload, in  0.696 seconds
Platform modules already initialized, skipping
Refreshing native plugins compatible for Editor in 0.62 ms, found 1 plugins.
Preloading 0 native plugins for Editor in 0.00 ms.
Unloading 1751 Unused Serialized files (Serialized files now loaded: 0)
System memory in use before: 107.9 MB.
System memory in use after: 107.9 MB.

Unloading 10 unused Assets to reduce memory usage. Loaded Objects now: 2347.
Total: 2.814800 ms (FindLiveObjects: 0.333500 ms CreateObjectMapping: 0.046300 ms MarkObjects: 2.293600 ms  DeleteObjects: 0.140000 ms)

========================================================================
Received Prepare
Registering precompiled user dll's ...
Registered in 0.001141 seconds.
Begin MonoManager ReloadAssembly
Native extension for WindowsStandalone target not found
Refreshing native plugins compatible for Editor in 0.68 ms, found 1 plugins.
Preloading 0 native plugins for Editor in 0.00 ms.
Mono: successfully reloaded assembly
- Completed reload, in  1.493 seconds
Platform modules already initialized, skipping
Refreshing native plugins compatible for Editor in 0.56 ms, found 1 plugins.
Preloading 0 native plugins for Editor in 0.00 ms.
Unloading 1751 Unused Serialized files (Serialized files now loaded: 0)
System memory in use before: 107.9 MB.
System memory in use after: 107.9 MB.

Unloading 10 unused Assets to reduce memory usage. Loaded Objects now: 2350.
Total: 2.143400 ms (FindLiveObjects: 0.286700 ms CreateObjectMapping: 0.050600 ms MarkObjects: 1.697200 ms  DeleteObjects: 0.107600 ms)

========================================================================
Received Prepare
Refreshing native plugins compatible for Editor in 2.05 ms, found 1 plugins.
Preloading 0 native plugins for Editor in 0.00 ms.
Unloading 8 Unused Serialized files (Serialized files now loaded: 0)
System memory in use before: 73.4 MB.
System memory in use after: 73.5 MB.

Unloading 8 unused Assets to reduce memory usage. Loaded Objects now: 2350.
Total: 3.807200 ms (FindLiveObjects: 0.537200 ms CreateObjectMapping: 0.063300 ms MarkObjects: 3.014400 ms  DeleteObjects: 0.190400 ms)

========================================================================
Received Prepare
Refreshing native plugins compatible for Editor in 2.75 ms, found 1 plugins.
Preloading 0 native plugins for Editor in 0.00 ms.
Unloading 8 Unused Serialized files (Serialized files now loaded: 0)
System memory in use before: 73.4 MB.
System memory in use after: 73.5 MB.

Unloading 8 unused Assets to reduce memory usage. Loaded Objects now: 2350.
Total: 2.739600 ms (FindLiveObjects: 0.488800 ms CreateObjectMapping: 0.064500 ms MarkObjects: 2.025400 ms  DeleteObjects: 0.158300 ms)

AssetImportWorkerClient::OnTransportError - code=2 error=End of file
